SteamixPlayer/app/proguard-rules.pro
# Keep FFmpeg extension classes
-keep class androidx.media3.decoder.ffmpeg.** { *; }