SteamixPlayer/app/build/outputs/mapping/release/seeds.txt
com.steamixtv.player.MainActivity
com.steamixtv.player.MainActivity: MainActivity()
...
androidx.media3.exoplayer.BaseRenderer: androidx.media3.exoplayer.RendererConfiguration configuration
androidx.concurrent.futures.AbstractResolvableFuture$Waiter: java.lang.Thread thread
androidx.media3.exoplayer.video.DecoderVideoRenderer: androidx.media3.exoplayer.video.VideoRendererEventListener$EventDispatcher eventDispatcher
androidx.media3.exoplayer.video.DecoderVideoRenderer: androidx.media3.exoplayer.video.VideoDecoderOutputBufferRenderer outputBufferRenderer
androidx.media3.exoplayer.audio.DecoderAudioRenderer: boolean decoderReceivedBuffers
androidx.media3.decoder.ffmpeg.FfmpegLibrary: androidx.media3.common.util.LibraryLoader LOADER
androidx.media3.decoder.ffmpeg.FfmpegAudioDecoder: int channelCount
androidx.media3.exoplayer.video.DecoderVideoRenderer: androidx.media3.decoder.VideoDecoderOutputBuffer outputBuffer
androidx.media3.exoplayer.audio.DecoderAudioRenderer: int encoderDelay
androidx.media3.exoplayer.video.DecoderVideoRenderer: android.view.Surface outputSurface
androidx.media3.exoplayer.audio.DecoderAudioRenderer: boolean hasReportedAudioPositionAdvancing
androidx.media3.decoder.SimpleDecoder: java.util.ArrayDeque queuedOutputBuffers
androidx.recyclerview.widget.StaggeredGridLayoutManager$LazySpanLookup$FullSpanItem: android.os.Parcelable$Creator CREATOR
androidx.media3.exoplayer.video.DecoderVideoRenderer: androidx.media3.decoder.DecoderInputBuffer inputBuffer
androidx.media3.decoder.SimpleDecoder: int skippedOutputBufferCount
androidx.media3.exoplayer.BaseRenderer: androidx.media3.common.util.Clock clock
kotlinx.coroutines.EventLoopImplBase: java.lang.Object _delayed
androidx.media3.exoplayer.audio.DecoderAudioRenderer: boolean hasPendingReportedSkippedSilence
androidx.media3.exoplayer.BaseRenderer: long readingPositionUs
androidx.media3.exoplayer.video.DecoderVideoRenderer: int firstFrameState
androidx.media3.decoder.ffmpeg.FfmpegAudioDecoder: int FLAC_METADATA_BLOCK_HEADER_SIZE
kotlinx.coroutines.internal.DispatchedContinuation: java.lang.Object _reusableCancellableContinuation
androidx.lifecycle.ProcessLifecycleOwner$attach$1: androidx.lifecycle.ProcessLifecycleOwner this$0
kotlinx.coroutines.JobSupport: java.lang.Object _state
androidx.media3.exoplayer.audio.DecoderAudioRenderer: androidx.media3.exoplayer.audio.AudioRendererEventListener$EventDispatcher eventDispatcher
androidx.media3.exoplayer.BaseRenderer: boolean throwRendererExceptionIsExecuting
kotlinx.coroutines.android.HandlerDispatcherKt: android.view.Choreographer choreographer
kotlinx.coroutines.JobSupport: java.lang.Object _parentHandle
androidx.media3.exoplayer.video.DecoderVideoRenderer: long allowedJoiningTimeMs
androidx.media3.decoder.ffmpeg.FfmpegLibrary: java.lang.String TAG
androidx.media3.exoplayer.audio.DecoderAudioRenderer: long[] pendingOutputStreamOffsetsUs
kotlinx.coroutines.internal.LockFreeTaskQueueCore: long _state
kotlinx.coroutines.internal.LockFreeTaskQueue: java.lang.Object _cur
androidx.media3.exoplayer.video.DecoderVideoRenderer: androidx.media3.exoplayer.drm.DrmSession sourceDrmSession
androidx.media3.exoplayer.audio.DecoderAudioRenderer: androidx.media3.exoplayer.audio.AudioSink audioSink
androidx.media3.decoder.SimpleDecoder: boolean flushed
androidx.media3.exoplayer.video.DecoderVideoRenderer: boolean outputStreamEnded
androidx.media3.decoder.SimpleDecoder: long outputStartTimeUs
androidx.media3.exoplayer.video.DecoderVideoRenderer: boolean waitingForFirstSampleInFormat
kotlinx.coroutines.EventLoopImplBase: int _isCompleted
androidx.media3.exoplayer.video.DecoderVideoRenderer: boolean inputStreamEnded
androidx.media3.exoplayer.video.DecoderVideoRenderer: androidx.media3.common.Format outputFormat
androidx.media3.decoder.ffmpeg.FfmpegAudioDecoder: int sampleRate
androidx.activity.result.ActivityResult: android.os.Parcelable$Creator CREATOR
androidx.media3.exoplayer.audio.DecoderAudioRenderer: boolean firstStreamSampleRead
androidx.media3.exoplayer.BaseRenderer: long lastResetPositionUs