SteamixPlayer/app/build/outputs/mapping/release/mapping.txt
# compiler: R8
# compiler_version: 8.10.24
# min_api: 23
# common_typos_disable
# {"id":"com.android.tools.r8.mapping","version":"2.2"}
# pg_map_id: b6e7795
# pg_map_hash: SHA-256 b6e779581fcd83d321db09f668c0da2e384acf19c7e5af20c91a51105869baa7
com.steamixtv.player.MainActivity -> com.steamixtv.player.MainActivity:
# {"id":"sourceFile","fileName":"MainActivity.kt"}
    android.widget.ProgressBar progressBar -> A
    androidx.media3.exoplayer.ExoPlayer player -> y
      # {"id":"com.android.tools.r8.residualsignature","signature":"LQ/D;"}
    androidx.media3.ui.PlayerView playerView -> z
      # {"id":"com.android.tools.r8.residualsignature","signature":"LR0/H;"}
    1:4:void <init>():22:22 -> <init>
    4:6:void onCreate(android.os.Bundle):29:29 -> onCreate
    7:13:void onCreate(android.os.Bundle):31:31 -> onCreate
    14:16:void onCreate(android.os.Bundle):32:32 -> onCreate
    17:22:void onCreate(android.os.Bundle):35:35 -> onCreate
    23:26:void onCreate(android.os.Bundle):36:36 -> onCreate
    27:29:void onCreate(android.os.Bundle):37:37 -> onCreate
    30:32:void onCreate(android.os.Bundle):38:38 -> onCreate
    33:41:void onCreate(android.os.Bundle):39:39 -> onCreate
    42:43:void onCreate(android.os.Bundle):35:35 -> onCreate
    44:46:void onCreate(android.os.Bundle):44:44 -> onCreate
    47:55:void onCreate(android.os.Bundle):46:46 -> onCreate
    56:58:void onCreate(android.os.Bundle):47:47 -> onCreate
    59:66:void onCreate(android.os.Bundle):48:48 -> onCreate
    67:68:void onCreate(android.os.Bundle):51:51 -> onCreate
    69:71:void onCreate(android.os.Bundle):48:48 -> onCreate
    72:73:void onCreate(android.os.Bundle):46:46 -> onCreate
    74:76:void onCreate(android.os.Bundle):53:53 -> onCreate
...
androidx.media3.exoplayer.ExoPlayer$PreloadConfiguration -> Q.n:
# {"id":"sourceFile","fileName":"ExoPlayer.java"}
    androidx.media3.exoplayer.ExoPlayer$PreloadConfiguration DEFAULT -> a
      # {"id":"com.android.tools.r8.residualsignature","signature":"LQ/n;"}
    1:2:void <clinit>():195:195 -> <clinit>
    3:5:void <init>(long):210:210 -> <clinit>
    3:5:void <clinit>():195 -> <clinit>
    6:8:void <clinit>():195:195 -> <clinit>
androidx.media3.exoplayer.ExoPlayerImpl -> Q.D:
# {"id":"sourceFile","fileName":"ExoPlayerImpl.java"}
    androidx.media3.common.util.WakeLockManager wakeLockManager -> A
      # {"id":"com.android.tools.r8.residualsignature","signature":"LM/P;"}
    androidx.media3.common.util.WifiLockManager wifiLockManager -> B
      # {"id":"com.android.tools.r8.residualsignature","signature":"LM/P;"}
    long detachSurfaceTimeoutMs -> C
    androidx.media3.common.util.BackgroundThreadStateHandler audioSessionIdState -> D
      # {"id":"com.android.tools.r8.residualsignature","signature":"LM/c;"}
    androidx.media3.common.util.StuckPlayerDetector stuckPlayerDetector -> E
      # {"id":"com.android.tools.r8.residualsignature","signature":"LM/D;"}
    androidx.media3.exoplayer.ExoPlayerImpl$VirtualDeviceIdChangeListener virtualDeviceIdChangeListener -> F
      # {"id":"com.android.tools.r8.residualsignature","signature":"LR0/i;"}
    androidx.media3.exoplayer.ExoPlayerImpl$CodecParameterListenerManager audioListenerManager -> G
      # {"id":"com.android.tools.r8.residualsignature","signature":"LC0/i;"}
    androidx.media3.exoplayer.ExoPlayerImpl$CodecParameterListenerManager videoListenerManager -> H
      # {"id":"com.android.tools.r8.residualsignature","signature":"LC0/i;"}
    int repeatMode -> I
    boolean shuffleModeEnabled -> J
    int pendingOperationAcks -> K
    int pendingDiscontinuityReason -> L
    boolean pendingDiscontinuity -> M
    boolean scrubbingModeEnabled -> N
androidx.media3.exoplayer.ExoPlayerImpl$$ExternalSyntheticLambda0 -> Q.o:
# {"id":"sourceFile","fileName":"R8$$SyntheticClass"}
# {"id":"com.android.tools.r8.synthesized"}
    int Q.ExoPlayerImpl$$ExternalSyntheticLambda0.$r8$classId -> g
      # {"id":"com.android.tools.r8.synthesized"}
    int androidx.media3.exoplayer.ExoPlayerImpl$$InternalSyntheticLambda$1$03f1b4552f99f800404b72d2a5d708a48b276054b9a8b98c72c5d09cfa968a43$0.f$1 -> h
      # {"id":"com.android.tools.r8.synthesized"}
    androidx.media3.exoplayer.PlaybackInfo androidx.media3.exoplayer.ExoPlayerImpl$$InternalSyntheticLambda$1$03f1b4552f99f800404b72d2a5d708a48b276054b9a8b98c72c5d09cfa968a43$0.f$0 -> i
      # {"id":"com.android.tools.r8.residualsignature","signature":"Ljava/lang/Object;"}
      # {"id":"com.android.tools.r8.synthesized"}
    1:1:void Q.ExoPlayerImpl$$ExternalSyntheticLambda0.<init>(int,int,java.lang.Object):0:0 -> <init>
      # {"id":"com.android.tools.r8.synthesized"}
    8:17:void androidx.media3.exoplayer.ExoPlayerImpl.lambda$updatePlaybackInfo$19(androidx.media3.common.MediaItem,int,androidx.media3.common.Player$Listener):2334:2334 -> a
      # {"id":"com.android.tools.r8.residualsignature","signature":"(Ljava/lang/Object;)V"}
    18:30:void androidx.media3.exoplayer.ExoPlayerImpl.lambda$updatePlaybackInfo$17(androidx.media3.exoplayer.PlaybackInfo,int,androidx.media3.common.Player$Listener):2315:2315 -> a