SteamixPlayer/app/build/outputs/mapping/release/usage.txt
com.steamixtv.player.BuildConfig
com.steamixtv.player.R$string
com.steamixtv.player.R$style
com.steamixtv.player.R$xml
com.steamixtv.player.R
com.steamixtv.player.MainActivity$initializePlayer$1$1:
    public final synthetic void onDeviceInfoChanged(androidx.media3.common.DeviceInfo)
    public final synthetic void onDeviceVolumeChanged()
    public final synthetic void onLoadingChanged()
    public final synthetic void onPositionDiscontinuity()
...
androidx.appcompat.widget.AppCompatDrawableManager$1:
    public static android.graphics.drawable.Drawable createDrawableFor()
    public static android.graphics.PorterDuff$Mode getTintModeForDrawableRes()
    public static boolean tintDrawable()
    public static boolean tintDrawableUsingColorFilter()
androidx.appcompat.widget.AppCompatDrawableManager:
    public static synchronized androidx.appcompat.widget.AppCompatDrawableManager get()
    public static synchronized android.graphics.PorterDuffColorFilter getPorterDuffColorFilter(int,android.graphics.PorterDuff$Mode)
    public final synchronized android.content.res.ColorStateList getTintList(android.content.Context,int)
androidx.appcompat.widget.AppCompatEditText
androidx.appcompat.widget.AppCompatEmojiEditTextHelper:
    public final androidx.appcompat.widget.AppCompatAutoCompleteTextView mView
    public static boolean isEmojiCapableKeyListener()
    public static void loadFromAttributes()
    public static android.view.inputmethod.InputConnection onCreateInputConnection()
androidx.appcompat.widget.AppCompatEmojiTextHelper:
    public static android.text.InputFilter[] getFilters()
    public static void loadFromAttributes()
    public static void setAllCaps()
    public final void setEnabled(boolean)
androidx.appcompat.widget.AppCompatHintHelper$$InternalSyntheticThrowCCEIfNotNull$11$e5cb4f19bf4700309646fa3d98d8a4073d1de762c96f950e9154357300e1cee9$0
androidx.appcompat.widget.AppCompatHintHelper
androidx.appcompat.widget.AppCompatImageHelper:
    public androidx.appcompat.widget.TintInfo mInternalImageTint
    public androidx.appcompat.widget.TintInfo mTmpInfo
    public final void applyImageLevel()
    public final android.content.res.ColorStateList getSupportImageTintList()
    public final android.graphics.PorterDuff$Mode getSupportImageTintMode()
    public final boolean hasOverlappingRendering()
    public static void obtainLevelFromDrawable()
    public final void setImageResource(int)
    public final void setSupportImageTintList(android.content.res.ColorStateList)
    public final void setSupportImageTintMode(android.graphics.PorterDuff$Mode)
    public static boolean shouldApplyFrameworkTintUsingColorFilter()
androidx.appcompat.widget.AppCompatPopupWindow:
    public static final boolean COMPAT_OVERLAP_ANCHOR
    public boolean mOverlapAnchor
    static void <clinit>()
androidx.appcompat.widget.AppCompatTextClassifierHelper:
    public static android.view.textclassifier.TextClassifier getTextClassifier()
    public static void setTextClassifier()
androidx.appcompat.widget.AppCompatTextHelper$1:
    public final void callbackSuccessAsync(android.graphics.Typeface)
    public static android.os.Handler getHandler()
    public static synthetic void lambda$callbackFailAsync$1()
    public static void onFontRetrievalFailed()
androidx.appcompat.widget.AppCompatTextHelper$2:
    public final synthetic androidx.appcompat.widget.AppCompatTextHelper this$0